<?xml version="1.0" encoding="UTF-8"?>
<!-- Generated by org.testng.reporters.JUnitXMLReporter -->
<testsuite hostname="vprybeha-w7" ignored="0" tests="2" failures="1" timestamp="03 Jan 2019 13:02:21 GMT" time="52.205" errors="0">
  <testcase name="firsttest" time="32.713" classname="TestClass">
    <failure type="SupportClasses.NewException" message="Assertion finished false">
      <![CDATA[SupportClasses.NewException: Assertion finished false
at TestClass.firsttest(TestClass.java:31)
... Removed 30 stack frames]]>
    </failure>
  </testcase> <!-- firsttest -->
  <testcase name="secondtest" time="3.665" classname="TestClass"/>
</testsuite>
