-------------------------------------------------------------------------------
Test set: TestSuite
-------------------------------------------------------------------------------
Tests run: 1, Failures: 1, Errors: 0, Skipped: 0, Time elapsed: 17.691 s <<< FAILURE! - in TestSuite
Investment_ACH(UnitClassSet.Investment.test_IndividualUS)  Time elapsed: 4.688 s  <<< FAILURE!
java.lang.AssertionError: expected [2] but found [1]
	at UnitClassSet.Investment.test_IndividualUS.Investment_ACH(test_IndividualUS.java:30)

