<?xml version="1.0" encoding="UTF-8"?>
<testng-results skipped="0" failed="0" ignored="0" total="1" passed="1">
  <reporter-output>
  </reporter-output>
  <suite name="Sone tests" duration-ms="10038" started-at="2019-02-14T12:29:10Z" finished-at="2019-02-14T12:29:20Z">
    <groups>
    </groups>
    <test name="Test" duration-ms="10038" started-at="2019-02-14T12:29:10Z" finished-at="2019-02-14T12:29:20Z">
      <class name="TestClass">
        <test-method status="PASS" signature="setup()[pri:0, instance:TestClass@58fef7f7]" name="setup" is-config="true" duration-ms="4966" started-at="2019-02-14T12:29:10Z" finished-at="2019-02-14T12:29:15Z">
          <reporter-output>
          </reporter-output>
        </test-method> <!-- setup -->
        <test-method status="PASS" signature="Secondtest()[pri:0, instance:TestClass@58fef7f7]" name="Secondtest" duration-ms="4359" started-at="2019-02-14T12:29:15Z" finished-at="2019-02-14T12:29:19Z">
          <reporter-output>
          </reporter-output>
        </test-method> <!-- Secondtest -->
        <test-method status="PASS" signature="teardown(org.testng.ITestResult, java.lang.reflect.Method)[pri:0, instance:TestClass@58fef7f7]" name="teardown" is-config="true" duration-ms="653" started-at="2019-02-14T12:29:19Z" finished-at="2019-02-14T12:29:20Z">
          <params>
            <param index="0">
              <value>
                <![CDATA[[TestResult name=Secondtest status=SUCCESS method=TestClass.Secondtest()[pri:0, instance:TestClass@58fef7f7] output={null}]]]>
              </value>
            </param>
            <param index="1">
              <value>
                <![CDATA[public void TestClass.Secondtest() throws java.lang.Exception]]>
              </value>
            </param>
          </params>
          <reporter-output>
          </reporter-output>
        </test-method> <!-- teardown -->
      </class> <!-- TestClass -->
    </test> <!-- Test -->
  </suite> <!-- Sone tests -->
</testng-results>
